# JRE version: OpenJDK Runtime Environment (Zulu 8.52.0.23-CA-win64) (8.0_282-b08) (build 1.8.0_282-b08)
# Java VM: OpenJDK 64-Bit Server VM (25.282-b08 mixed mode windows-amd64 compressed oops)
Heap:
 PSYoungGen      total 133632K, used 79668K [0x00000000d5580000, 0x00000000e1700000, 0x0000000100000000)
  eden space 125440K, 61% used [0x00000000d5580000,0x00000000da0538c8,0x00000000dd000000)
  from space 8192K, 37% used [0x00000000dd980000,0x00000000ddc79788,0x00000000de180000)
  to   space 9728K, 0% used [0x00000000dd000000,0x00000000dd000000,0x00000000dd980000)
 ParOldGen       total 59904K, used 8576K [0x0000000080000000, 0x0000000083a80000, 0x00000000d5580000)
  object space 59904K, 14% used [0x0000000080000000,0x0000000080860090,0x0000000083a80000)
 Metaspace       used 23155K, capacity 23490K, committed 23680K, reserved 1071104K
  class space    used 2536K, capacity 2646K, committed 2688K, reserved 1048576K
GC Heap History (10 events):
Event: 3.079 GC heap before
{Heap before GC invocations=5 (full 0):
 PSYoungGen      total 68608K, used 68471K [0x00000000d5580000, 0x00000000d9d80000, 0x0000000100000000)
  eden space 63488K, 100% used [0x00000000d5580000,0x00000000d9380000,0x00000000d9380000)
  from space 5120K, 97% used [0x00000000d9880000,0x00000000d9d5df08,0x00000000d9d80000)
  to   space 5120K, 0% used [0x00000000d9380000,0x00000000d9380000,0x00000000d9880000)
 ParOldGen       total 84992K, used 76K [0x0000000080000000, 0x0000000085300000, 0x00000000d5580000)
  object space 84992K, 0% used [0x0000000080000000,0x0000000080013378,0x0000000085300000)
 Metaspace       used 16819K, capacity 17056K, committed 17280K, reserved 1064960K
  class space    used 1796K, capacity 1876K, committed 1920K, reserved 1048576K
Event: 3.086 GC heap after
Heap after GC invocations=5 (full 0):
 PSYoungGen      total 68608K, used 5094K [0x00000000d5580000, 0x00000000de180000, 0x0000000100000000)
  eden space 63488K, 0% used [0x00000000d5580000,0x00000000d5580000,0x00000000d9380000)
  from space 5120K, 99% used [0x00000000d9380000,0x00000000d9879be8,0x00000000d9880000)
  to   space 8192K, 0% used [0x00000000dd980000,0x00000000dd980000,0x00000000de180000)
 ParOldGen       total 84992K, used 3350K [0x0000000080000000, 0x0000000085300000, 0x00000000d5580000)
  object space 84992K, 3% used [0x0000000080000000,0x0000000080345a30,0x0000000085300000)
 Metaspace       used 16819K, capacity 17056K, committed 17280K, reserved 1064960K
  class space    used 1796K, capacity 1876K, committed 1920K, reserved 1048576K
}
Event: 3.913 GC heap before
{Heap before GC invocations=6 (full 0):
 PSYoungGen      total 68608K, used 68582K [0x00000000d5580000, 0x00000000de180000, 0x0000000100000000)
  eden space 63488K, 100% used [0x00000000d5580000,0x00000000d9380000,0x00000000d9380000)
  from space 5120K, 99% used [0x00000000d9380000,0x00000000d9879be8,0x00000000d9880000)
  to   space 8192K, 0% used [0x00000000dd980000,0x00000000dd980000,0x00000000de180000)
 ParOldGen       total 84992K, used 3350K [0x0000000080000000, 0x0000000085300000, 0x00000000d5580000)
  object space 84992K, 3% used [0x0000000080000000,0x0000000080345a30,0x0000000085300000)
 Metaspace       used 20271K, capacity 20554K, committed 20864K, reserved 1067008K
  class space    used 2243K, capacity 2357K, committed 2432K, reserved 1048576K
Event: 3.924 GC heap after
Heap after GC invocations=6 (full 0):
 PSYoungGen      total 133632K, used 8179K [0x00000000d5580000, 0x00000000de480000, 0x0000000100000000)
  eden space 125440K, 0% used [0x00000000d5580000,0x00000000d5580000,0x00000000dd000000)
  from space 8192K, 99% used [0x00000000dd980000,0x00000000de17cd70,0x00000000de180000)
  to   space 9728K, 0% used [0x00000000dd000000,0x00000000dd000000,0x00000000dd980000)
 ParOldGen       total 84992K, used 4087K [0x0000000080000000, 0x0000000085300000, 0x00000000d5580000)
  object space 84992K, 4% used [0x0000000080000000,0x00000000803fdfc8,0x0000000085300000)
 Metaspace       used 20271K, capacity 20554K, committed 20864K, reserved 1067008K
  class space    used 2243K, capacity 2357K, committed 2432K, reserved 1048576K
}
Event: 4.138 GC heap before
{Heap before GC invocations=7 (full 0):
 PSYoungGen      total 133632K, used 13108K [0x00000000d5580000, 0x00000000de480000, 0x0000000100000000)
  eden space 125440K, 3% used [0x00000000d5580000,0x00000000d5a50460,0x00000000dd000000)
  from space 8192K, 99% used [0x00000000dd980000,0x00000000de17cd70,0x00000000de180000)
  to   space 9728K, 0% used [0x00000000dd000000,0x00000000dd000000,0x00000000dd980000)
 ParOldGen       total 84992K, used 4087K [0x0000000080000000, 0x0000000085300000, 0x00000000d5580000)
  object space 84992K, 4% used [0x0000000080000000,0x00000000803fdfc8,0x0000000085300000)
 Metaspace       used 20804K, capacity 21074K, committed 21296K, reserved 1069056K
  class space    used 2305K, capacity 2423K, committed 2432K, reserved 1048576K
Event: 4.155 GC heap after
Heap after GC invocations=7 (full 0):
 PSYoungGen      total 135168K, used 4603K [0x00000000d5580000, 0x00000000de480000, 0x0000000100000000)
  eden space 125440K, 0% used [0x00000000d5580000,0x00000000d5580000,0x00000000dd000000)
  from space 9728K, 47% used [0x00000000dd000000,0x00000000dd47eed8,0x00000000dd980000)
  to   space 8192K, 0% used [0x00000000dd980000,0x00000000dd980000,0x00000000de180000)
 ParOldGen       total 84992K, used 6836K [0x0000000080000000, 0x0000000085300000, 0x00000000d5580000)
  object space 84992K, 8% used [0x0000000080000000,0x00000000806ad3e0,0x0000000085300000)
 Metaspace       used 20804K, capacity 21074K, committed 21296K, reserved 1069056K
  class space    used 2305K, capacity 2423K, committed 2432K, reserved 1048576K
}
Event: 4.155 GC heap before
{Heap before GC invocations=8 (full 1):
 PSYoungGen      total 135168K, used 4603K [0x00000000d5580000, 0x00000000de480000, 0x0000000100000000)
  eden space 125440K, 0% used [0x00000000d5580000,0x00000000d5580000,0x00000000dd000000)
  from space 9728K, 47% used [0x00000000dd000000,0x00000000dd47eed8,0x00000000dd980000)
  to   space 8192K, 0% used [0x00000000dd980000,0x00000000dd980000,0x00000000de180000)
 ParOldGen       total 84992K, used 6836K [0x0000000080000000, 0x0000000085300000, 0x00000000d5580000)
  object space 84992K, 8% used [0x0000000080000000,0x00000000806ad3e0,0x0000000085300000)
 Metaspace       used 20804K, capacity 21074K, committed 21296K, reserved 1069056K
  class space    used 2305K, capacity 2423K, committed 2432K, reserved 1048576K
Event: 4.274 GC heap after
Heap after GC invocations=8 (full 1):
 PSYoungGen      total 135168K, used 0K [0x00000000d5580000, 0x00000000de480000, 0x0000000100000000)
  eden space 125440K, 0% used [0x00000000d5580000,0x00000000d5580000,0x00000000dd000000)
  from space 9728K, 0% used [0x00000000dd000000,0x00000000dd000000,0x00000000dd980000)
  to   space 8192K, 0% used [0x00000000dd980000,0x00000000dd980000,0x00000000de180000)
 ParOldGen       total 59904K, used 8568K [0x0000000080000000, 0x0000000083a80000, 0x00000000d5580000)
  object space 59904K, 14% used [0x0000000080000000,0x000000008085e090,0x0000000083a80000)
 Metaspace       used 20804K, capacity 21074K, committed 21296K, reserved 1069056K
  class space    used 2305K, capacity 2423K, committed 2432K, reserved 1048576K
}
Event: 7.477 GC heap before
{Heap before GC invocations=9 (full 1):
 PSYoungGen      total 135168K, used 125440K [0x00000000d5580000, 0x00000000de480000, 0x0000000100000000)
  eden space 125440K, 100% used [0x00000000d5580000,0x00000000dd000000,0x00000000dd000000)
  from space 9728K, 0% used [0x00000000dd000000,0x00000000dd000000,0x00000000dd980000)
  to   space 8192K, 0% used [0x00000000dd980000,0x00000000dd980000,0x00000000de180000)
 ParOldGen       total 59904K, used 8568K [0x0000000080000000, 0x0000000083a80000, 0x00000000d5580000)
  object space 59904K, 14% used [0x0000000080000000,0x000000008085e090,0x0000000083a80000)
 Metaspace       used 22439K, capacity 22750K, committed 23088K, reserved 1069056K
  class space    used 2462K, capacity 2574K, committed 2688K, reserved 1048576K
Event: 7.486 GC heap after
Heap after GC invocations=9 (full 1):
 PSYoungGen      total 133632K, used 3045K [0x00000000d5580000, 0x00000000e1700000, 0x0000000100000000)
  eden space 125440K, 0% used [0x00000000d5580000,0x00000000d5580000,0x00000000dd000000)
  from space 8192K, 37% used [0x00000000dd980000,0x00000000ddc79788,0x00000000de180000)
  to   space 9728K, 0% used [0x00000000dd000000,0x00000000dd000000,0x00000000dd980000)
 ParOldGen       total 59904K, used 8576K [0x0000000080000000, 0x0000000083a80000, 0x00000000d5580000)
  object space 59904K, 14% used [0x0000000080000000,0x0000000080860090,0x0000000083a80000)
 Metaspace       used 22439K, capacity 22750K, committed 23088K, reserved 1069056K
  class space    used 2462K, capacity 2574K, committed 2688K, reserved 1048576K
}

