# JRE version: OpenJDK Runtime Environment (Zulu 8.52.0.23-CA-win64) (8.0_282-b08) (build 1.8.0_282-b08)
# Java VM: OpenJDK 64-Bit Server VM (25.282-b08 mixed mode windows-amd64 compressed oops)
Heap:
 PSYoungGen      total 70144K, used 10084K [0x00000000d5580000, 0x00000000da280000, 0x0000000100000000)
  eden space 62464K, 5% used [0x00000000d5580000,0x00000000d5917840,0x00000000d9280000)
  from space 7680K, 83% used [0x00000000d9280000,0x00000000d98c1b98,0x00000000d9a00000)
  to   space 6656K, 0% used [0x00000000d9a00000,0x00000000d9a00000,0x00000000da080000)
 ParOldGen       total 84992K, used 5087K [0x0000000080000000, 0x0000000085300000, 0x00000000d5580000)
  object space 84992K, 5% used [0x0000000080000000,0x00000000804f7dc0,0x0000000085300000)
 Metaspace       used 20657K, capacity 20912K, committed 21120K, reserved 1069056K
  class space    used 2295K, capacity 2390K, committed 2432K, reserved 1048576K
GC Heap History (10 events):
Event: 1.438 GC heap before
{Heap before GC invocations=3 (full 0):
 PSYoungGen      total 36864K, used 36272K [0x00000000d5580000, 0x00000000d7e80000, 0x0000000100000000)
  eden space 31744K, 100% used [0x00000000d5580000,0x00000000d7480000,0x00000000d7480000)
  from space 5120K, 88% used [0x00000000d7980000,0x00000000d7dec030,0x00000000d7e80000)
  to   space 5120K, 0% used [0x00000000d7480000,0x00000000d7480000,0x00000000d7980000)
 ParOldGen       total 84992K, used 16K [0x0000000080000000, 0x0000000085300000, 0x00000000d5580000)
  object space 84992K, 0% used [0x0000000080000000,0x0000000080004000,0x0000000085300000)
 Metaspace       used 10393K, capacity 10518K, committed 10752K, reserved 1058816K
  class space    used 1149K, capacity 1209K, committed 1280K, reserved 1048576K
Event: 1.441 GC heap after
Heap after GC invocations=3 (full 0):
 PSYoungGen      total 36864K, used 5103K [0x00000000d5580000, 0x00000000d7e80000, 0x0000000100000000)
  eden space 31744K, 0% used [0x00000000d5580000,0x00000000d5580000,0x00000000d7480000)
  from space 5120K, 99% used [0x00000000d7480000,0x00000000d797be38,0x00000000d7980000)
  to   space 5120K, 0% used [0x00000000d7980000,0x00000000d7980000,0x00000000d7e80000)
 ParOldGen       total 84992K, used 24K [0x0000000080000000, 0x0000000085300000, 0x00000000d5580000)
  object space 84992K, 0% used [0x0000000080000000,0x0000000080006000,0x0000000085300000)
 Metaspace       used 10393K, capacity 10518K, committed 10752K, reserved 1058816K
  class space    used 1149K, capacity 1209K, committed 1280K, reserved 1048576K
}
Event: 1.629 GC heap before
{Heap before GC invocations=4 (full 0):
 PSYoungGen      total 36864K, used 36847K [0x00000000d5580000, 0x00000000d7e80000, 0x0000000100000000)
  eden space 31744K, 100% used [0x00000000d5580000,0x00000000d7480000,0x00000000d7480000)
  from space 5120K, 99% used [0x00000000d7480000,0x00000000d797be38,0x00000000d7980000)
  to   space 5120K, 0% used [0x00000000d7980000,0x00000000d7980000,0x00000000d7e80000)
 ParOldGen       total 84992K, used 24K [0x0000000080000000, 0x0000000085300000, 0x00000000d5580000)
  object space 84992K, 0% used [0x0000000080000000,0x0000000080006000,0x0000000085300000)
 Metaspace       used 11303K, capacity 11478K, committed 11776K, reserved 1060864K
  class space    used 1225K, capacity 1273K, committed 1280K, reserved 1048576K
Event: 1.634 GC heap after
Heap after GC invocations=4 (full 0):
 PSYoungGen      total 36864K, used 4993K [0x00000000d5580000, 0x00000000d9d80000, 0x0000000100000000)
  eden space 31744K, 0% used [0x00000000d5580000,0x00000000d5580000,0x00000000d7480000)
  from space 5120K, 97% used [0x00000000d7980000,0x00000000d7e605f8,0x00000000d7e80000)
  to   space 5120K, 0% used [0x00000000d7480000,0x00000000d7480000,0x00000000d7980000)
 ParOldGen       total 84992K, used 32K [0x0000000080000000, 0x0000000085300000, 0x00000000d5580000)
  object space 84992K, 0% used [0x0000000080000000,0x0000000080008000,0x0000000085300000)
 Metaspace       used 11303K, capacity 11478K, committed 11776K, reserved 1060864K
  class space    used 1225K, capacity 1273K, committed 1280K, reserved 1048576K
}
Event: 2.096 GC heap before
{Heap before GC invocations=5 (full 0):
 PSYoungGen      total 36864K, used 36737K [0x00000000d5580000, 0x00000000d9d80000, 0x0000000100000000)
  eden space 31744K, 100% used [0x00000000d5580000,0x00000000d7480000,0x00000000d7480000)
  from space 5120K, 97% used [0x00000000d7980000,0x00000000d7e605f8,0x00000000d7e80000)
  to   space 5120K, 0% used [0x00000000d7480000,0x00000000d7480000,0x00000000d7980000)
 ParOldGen       total 84992K, used 32K [0x0000000080000000, 0x0000000085300000, 0x00000000d5580000)
  object space 84992K, 0% used [0x0000000080000000,0x0000000080008000,0x0000000085300000)
 Metaspace       used 14002K, capacity 14170K, committed 14336K, reserved 1062912K
  class space    used 1451K, capacity 1507K, committed 1536K, reserved 1048576K
Event: 2.103 GC heap after
Heap after GC invocations=5 (full 0):
 PSYoungGen      total 36864K, used 5110K [0x00000000d5580000, 0x00000000da080000, 0x0000000100000000)
  eden space 31744K, 0% used [0x00000000d5580000,0x00000000d5580000,0x00000000d7480000)
  from space 5120K, 99% used [0x00000000d7480000,0x00000000d797db58,0x00000000d7980000)
  to   space 6656K, 0% used [0x00000000d9a00000,0x00000000d9a00000,0x00000000da080000)
 ParOldGen       total 84992K, used 1241K [0x0000000080000000, 0x0000000085300000, 0x00000000d5580000)
  object space 84992K, 1% used [0x0000000080000000,0x0000000080136648,0x0000000085300000)
 Metaspace       used 14002K, capacity 14170K, committed 14336K, reserved 1062912K
  class space    used 1451K, capacity 1507K, committed 1536K, reserved 1048576K
}
Event: 4.142 GC heap before
{Heap before GC invocations=6 (full 0):
 PSYoungGen      total 36864K, used 36854K [0x00000000d5580000, 0x00000000da080000, 0x0000000100000000)
  eden space 31744K, 100% used [0x00000000d5580000,0x00000000d7480000,0x00000000d7480000)
  from space 5120K, 99% used [0x00000000d7480000,0x00000000d797db58,0x00000000d7980000)
  to   space 6656K, 0% used [0x00000000d9a00000,0x00000000d9a00000,0x00000000da080000)
 ParOldGen       total 84992K, used 1241K [0x0000000080000000, 0x0000000085300000, 0x00000000d5580000)
  object space 84992K, 1% used [0x0000000080000000,0x0000000080136648,0x0000000085300000)
 Metaspace       used 16834K, capacity 17088K, committed 17280K, reserved 1064960K
  class space    used 1797K, capacity 1908K, committed 1920K, reserved 1048576K
Event: 4.188 GC heap after
Heap after GC invocations=6 (full 0):
 PSYoungGen      total 69120K, used 6627K [0x00000000d5580000, 0x00000000da280000, 0x0000000100000000)
  eden space 62464K, 0% used [0x00000000d5580000,0x00000000d5580000,0x00000000d9280000)
  from space 6656K, 99% used [0x00000000d9a00000,0x00000000da078f30,0x00000000da080000)
  to   space 7680K, 0% used [0x00000000d9280000,0x00000000d9280000,0x00000000d9a00000)
 ParOldGen       total 84992K, used 1792K [0x0000000080000000, 0x0000000085300000, 0x00000000d5580000)
  object space 84992K, 2% used [0x0000000080000000,0x00000000801c03f0,0x0000000085300000)
 Metaspace       used 16834K, capacity 17088K, committed 17280K, reserved 1064960K
  class space    used 1797K, capacity 1908K, committed 1920K, reserved 1048576K
}
Event: 7.398 GC heap before
{Heap before GC invocations=7 (full 0):
 PSYoungGen      total 69120K, used 69091K [0x00000000d5580000, 0x00000000da280000, 0x0000000100000000)
  eden space 62464K, 100% used [0x00000000d5580000,0x00000000d9280000,0x00000000d9280000)
  from space 6656K, 99% used [0x00000000d9a00000,0x00000000da078f30,0x00000000da080000)
  to   space 7680K, 0% used [0x00000000d9280000,0x00000000d9280000,0x00000000d9a00000)
 ParOldGen       total 84992K, used 1792K [0x0000000080000000, 0x0000000085300000, 0x00000000d5580000)
  object space 84992K, 2% used [0x0000000080000000,0x00000000801c03f0,0x0000000085300000)
 Metaspace       used 20239K, capacity 20490K, committed 20864K, reserved 1067008K
  class space    used 2238K, capacity 2357K, committed 2432K, reserved 1048576K
Event: 7.422 GC heap after
Heap after GC invocations=7 (full 0):
 PSYoungGen      total 70144K, used 6406K [0x00000000d5580000, 0x00000000da280000, 0x0000000100000000)
  eden space 62464K, 0% used [0x00000000d5580000,0x00000000d5580000,0x00000000d9280000)
  from space 7680K, 83% used [0x00000000d9280000,0x00000000d98c1b98,0x00000000d9a00000)
  to   space 6656K, 0% used [0x00000000d9a00000,0x00000000d9a00000,0x00000000da080000)
 ParOldGen       total 84992K, used 5087K [0x0000000080000000, 0x0000000085300000, 0x00000000d5580000)
  object space 84992K, 5% used [0x0000000080000000,0x00000000804f7dc0,0x0000000085300000)
 Metaspace       used 20239K, capacity 20490K, committed 20864K, reserved 1067008K
  class space    used 2238K, capacity 2357K, committed 2432K, reserved 1048576K
}

