# JRE version: OpenJDK Runtime Environment (Zulu 8.52.0.23-CA-win64) (8.0_282-b08) (build 1.8.0_282-b08)
# Java VM: OpenJDK 64-Bit Server VM (25.282-b08 mixed mode windows-amd64 compressed oops)
Heap:
 PSYoungGen      total 103424K, used 25179K [0x00000000d5580000, 0x00000000ddb00000, 0x0000000100000000)
  eden space 94720K, 17% used [0x00000000d5580000,0x00000000d6606df8,0x00000000db200000)
  from space 8704K, 94% used [0x00000000db200000,0x00000000dba10000,0x00000000dba80000)
  to   space 9728K, 0% used [0x00000000dd180000,0x00000000dd180000,0x00000000ddb00000)
 ParOldGen       total 59904K, used 8530K [0x0000000080000000, 0x0000000083a80000, 0x00000000d5580000)
  object space 59904K, 14% used [0x0000000080000000,0x0000000080854a38,0x0000000083a80000)
 Metaspace       used 24671K, capacity 25012K, committed 25216K, reserved 1071104K
  class space    used 2788K, capacity 2917K, committed 2944K, reserved 1048576K
GC Heap History (10 events):
Event: 8.725 GC heap before
{Heap before GC invocations=10 (full 1):
 PSYoungGen      total 68096K, used 2378K [0x00000000d5580000, 0x00000000dc300000, 0x0000000100000000)
  eden space 60416K, 0% used [0x00000000d5580000,0x00000000d5580000,0x00000000d9080000)
  from space 7680K, 30% used [0x00000000d9080000,0x00000000d92d2bb8,0x00000000d9800000)
  to   space 7680K, 0% used [0x00000000dbb80000,0x00000000dbb80000,0x00000000dc300000)
 ParOldGen       total 84992K, used 8071K [0x0000000080000000, 0x0000000085300000, 0x00000000d5580000)
  object space 84992K, 9% used [0x0000000080000000,0x00000000807e1c48,0x0000000085300000)
 Metaspace       used 20860K, capacity 21138K, committed 21296K, reserved 1069056K
  class space    used 2300K, capacity 2423K, committed 2432K, reserved 1048576K
Event: 8.894 GC heap after
Heap after GC invocations=10 (full 1):
 PSYoungGen      total 68096K, used 0K [0x00000000d5580000, 0x00000000dc300000, 0x0000000100000000)
  eden space 60416K, 0% used [0x00000000d5580000,0x00000000d5580000,0x00000000d9080000)
  from space 7680K, 0% used [0x00000000d9080000,0x00000000d9080000,0x00000000d9800000)
  to   space 7680K, 0% used [0x00000000dbb80000,0x00000000dbb80000,0x00000000dc300000)
 ParOldGen       total 59904K, used 8506K [0x0000000080000000, 0x0000000083a80000, 0x00000000d5580000)
  object space 59904K, 14% used [0x0000000080000000,0x000000008084ea38,0x0000000083a80000)
 Metaspace       used 20860K, capacity 21138K, committed 21296K, reserved 1069056K
  class space    used 2300K, capacity 2423K, committed 2432K, reserved 1048576K
}
Event: 9.986 GC heap before
{Heap before GC invocations=11 (full 1):
 PSYoungGen      total 68096K, used 60416K [0x00000000d5580000, 0x00000000dc300000, 0x0000000100000000)
  eden space 60416K, 100% used [0x00000000d5580000,0x00000000d9080000,0x00000000d9080000)
  from space 7680K, 0% used [0x00000000d9080000,0x00000000d9080000,0x00000000d9800000)
  to   space 7680K, 0% used [0x00000000dbb80000,0x00000000dbb80000,0x00000000dc300000)
 ParOldGen       total 59904K, used 8506K [0x0000000080000000, 0x0000000083a80000, 0x00000000d5580000)
  object space 59904K, 14% used [0x0000000080000000,0x000000008084ea38,0x0000000083a80000)
 Metaspace       used 21997K, capacity 22334K, committed 22448K, reserved 1069056K
  class space    used 2416K, capacity 2542K, committed 2560K, reserved 1048576K
Event: 9.992 GC heap after
Heap after GC invocations=11 (full 1):
 PSYoungGen      total 79360K, used 2582K [0x00000000d5580000, 0x00000000dbe80000, 0x0000000100000000)
  eden space 76288K, 0% used [0x00000000d5580000,0x00000000d5580000,0x00000000da000000)
  from space 3072K, 84% used [0x00000000dbb80000,0x00000000dbe058d8,0x00000000dbe80000)
  to   space 8192K, 0% used [0x00000000dae80000,0x00000000dae80000,0x00000000db680000)
 ParOldGen       total 59904K, used 8514K [0x0000000080000000, 0x0000000083a80000, 0x00000000d5580000)
  object space 59904K, 14% used [0x0000000080000000,0x0000000080850a38,0x0000000083a80000)
 Metaspace       used 21997K, capacity 22334K, committed 22448K, reserved 1069056K
  class space    used 2416K, capacity 2542K, committed 2560K, reserved 1048576K
}
Event: 10.622 GC heap before
{Heap before GC invocations=12 (full 1):
 PSYoungGen      total 79360K, used 78870K [0x00000000d5580000, 0x00000000dbe80000, 0x0000000100000000)
  eden space 76288K, 100% used [0x00000000d5580000,0x00000000da000000,0x00000000da000000)
  from space 3072K, 84% used [0x00000000dbb80000,0x00000000dbe058d8,0x00000000dbe80000)
  to   space 8192K, 0% used [0x00000000dae80000,0x00000000dae80000,0x00000000db680000)
 ParOldGen       total 59904K, used 8514K [0x0000000080000000, 0x0000000083a80000, 0x00000000d5580000)
  object space 59904K, 14% used [0x0000000080000000,0x0000000080850a38,0x0000000083a80000)
 Metaspace       used 22485K, capacity 22814K, committed 23088K, reserved 1069056K
  class space    used 2461K, capacity 2574K, committed 2688K, reserved 1048576K
Event: 10.628 GC heap after
Heap after GC invocations=12 (full 1):
 PSYoungGen      total 99328K, used 2797K [0x00000000d5580000, 0x00000000dc280000, 0x0000000100000000)
  eden space 91136K, 0% used [0x00000000d5580000,0x00000000d5580000,0x00000000dae80000)
  from space 8192K, 34% used [0x00000000dae80000,0x00000000db13b710,0x00000000db680000)
  to   space 8192K, 0% used [0x00000000dba80000,0x00000000dba80000,0x00000000dc280000)
 ParOldGen       total 59904K, used 8514K [0x0000000080000000, 0x0000000083a80000, 0x00000000d5580000)
  object space 59904K, 14% used [0x0000000080000000,0x0000000080850a38,0x0000000083a80000)
 Metaspace       used 22485K, capacity 22814K, committed 23088K, reserved 1069056K
  class space    used 2461K, capacity 2574K, committed 2688K, reserved 1048576K
}
Event: 12.280 GC heap before
{Heap before GC invocations=13 (full 1):
 PSYoungGen      total 99328K, used 93933K [0x00000000d5580000, 0x00000000dc280000, 0x0000000100000000)
  eden space 91136K, 100% used [0x00000000d5580000,0x00000000dae80000,0x00000000dae80000)
  from space 8192K, 34% used [0x00000000dae80000,0x00000000db13b710,0x00000000db680000)
  to   space 8192K, 0% used [0x00000000dba80000,0x00000000dba80000,0x00000000dc280000)
 ParOldGen       total 59904K, used 8514K [0x0000000080000000, 0x0000000083a80000, 0x00000000d5580000)
  object space 59904K, 14% used [0x0000000080000000,0x0000000080850a38,0x0000000083a80000)
 Metaspace       used 23276K, capacity 23592K, committed 23680K, reserved 1071104K
  class space    used 2555K, capacity 2680K, committed 2688K, reserved 1048576K
Event: 12.298 GC heap after
Heap after GC invocations=13 (full 1):
 PSYoungGen      total 102912K, used 7280K [0x00000000d5580000, 0x00000000dd500000, 0x0000000100000000)
  eden space 94720K, 0% used [0x00000000d5580000,0x00000000d5580000,0x00000000db200000)
  from space 8192K, 88% used [0x00000000dba80000,0x00000000dc19c228,0x00000000dc280000)
  to   space 8704K, 0% used [0x00000000db200000,0x00000000db200000,0x00000000dba80000)
 ParOldGen       total 59904K, used 8522K [0x0000000080000000, 0x0000000083a80000, 0x00000000d5580000)
  object space 59904K, 14% used [0x0000000080000000,0x0000000080852a38,0x0000000083a80000)
 Metaspace       used 23276K, capacity 23592K, committed 23680K, reserved 1071104K
  class space    used 2555K, capacity 2680K, committed 2688K, reserved 1048576K
}
Event: 14.228 GC heap before
{Heap before GC invocations=14 (full 1):
 PSYoungGen      total 102912K, used 102000K [0x00000000d5580000, 0x00000000dd500000, 0x0000000100000000)
  eden space 94720K, 100% used [0x00000000d5580000,0x00000000db200000,0x00000000db200000)
  from space 8192K, 88% used [0x00000000dba80000,0x00000000dc19c228,0x00000000dc280000)
  to   space 8704K, 0% used [0x00000000db200000,0x00000000db200000,0x00000000dba80000)
 ParOldGen       total 59904K, used 8522K [0x0000000080000000, 0x0000000083a80000, 0x00000000d5580000)
  object space 59904K, 14% used [0x0000000080000000,0x0000000080852a38,0x0000000083a80000)
 Metaspace       used 24106K, capacity 24446K, committed 24576K, reserved 1071104K
  class space    used 2698K, capacity 2813K, committed 2816K, reserved 1048576K
Event: 14.250 GC heap after
Heap after GC invocations=14 (full 1):
 PSYoungGen      total 103424K, used 8256K [0x00000000d5580000, 0x00000000ddb00000, 0x0000000100000000)
  eden space 94720K, 0% used [0x00000000d5580000,0x00000000d5580000,0x00000000db200000)
  from space 8704K, 94% used [0x00000000db200000,0x00000000dba10000,0x00000000dba80000)
  to   space 9728K, 0% used [0x00000000dd180000,0x00000000dd180000,0x00000000ddb00000)
 ParOldGen       total 59904K, used 8530K [0x0000000080000000, 0x0000000083a80000, 0x00000000d5580000)
  object space 59904K, 14% used [0x0000000080000000,0x0000000080854a38,0x0000000083a80000)
 Metaspace       used 24106K, capacity 24446K, committed 24576K, reserved 1071104K
  class space    used 2698K, capacity 2813K, committed 2816K, reserved 1048576K
}

