# JRE version: OpenJDK Runtime Environment (Zulu 8.52.0.23-CA-win64) (8.0_282-b08) (build 1.8.0_282-b08)
# Java VM: OpenJDK 64-Bit Server VM (25.282-b08 mixed mode windows-amd64 compressed oops)
Heap:
 PSYoungGen      total 100352K, used 25214K [0x00000000d5580000, 0x00000000dc180000, 0x0000000100000000)
  eden space 90112K, 19% used [0x00000000d5580000,0x00000000d66fba48,0x00000000dad80000)
  from space 10240K, 71% used [0x00000000db780000,0x00000000dbea4010,0x00000000dc180000)
  to   space 10240K, 0% used [0x00000000dad80000,0x00000000dad80000,0x00000000db780000)
 ParOldGen       total 59904K, used 9023K [0x0000000080000000, 0x0000000083a80000, 0x00000000d5580000)
  object space 59904K, 15% used [0x0000000080000000,0x00000000808cfe40,0x0000000083a80000)
 Metaspace       used 24070K, capacity 24446K, committed 24832K, reserved 1071104K
  class space    used 2700K, capacity 2813K, committed 2816K, reserved 1048576K
GC Heap History (10 events):
Event: 9.589 GC heap before
{Heap before GC invocations=7 (full 1):
 PSYoungGen      total 68608K, used 7284K [0x00000000d5580000, 0x00000000da380000, 0x0000000100000000)
  eden space 59392K, 0% used [0x00000000d5580000,0x00000000d5580000,0x00000000d8f80000)
  from space 9216K, 79% used [0x00000000d9a80000,0x00000000da19d078,0x00000000da380000)
  to   space 10240K, 0% used [0x00000000d8f80000,0x00000000d8f80000,0x00000000d9980000)
 ParOldGen       total 84992K, used 6291K [0x0000000080000000, 0x0000000085300000, 0x00000000d5580000)
  object space 84992K, 7% used [0x0000000080000000,0x0000000080624cf8,0x0000000085300000)
 Metaspace       used 20803K, capacity 21074K, committed 21296K, reserved 1069056K
  class space    used 2304K, capacity 2423K, committed 2432K, reserved 1048576K
Event: 9.670 GC heap after
Heap after GC invocations=7 (full 1):
 PSYoungGen      total 68608K, used 0K [0x00000000d5580000, 0x00000000da380000, 0x0000000100000000)
  eden space 59392K, 0% used [0x00000000d5580000,0x00000000d5580000,0x00000000d8f80000)
  from space 9216K, 0% used [0x00000000d9a80000,0x00000000d9a80000,0x00000000da380000)
  to   space 10240K, 0% used [0x00000000d8f80000,0x00000000d8f80000,0x00000000d9980000)
 ParOldGen       total 59904K, used 8991K [0x0000000080000000, 0x0000000083a80000, 0x00000000d5580000)
  object space 59904K, 15% used [0x0000000080000000,0x00000000808c7e40,0x0000000083a80000)
 Metaspace       used 20803K, capacity 21074K, committed 21296K, reserved 1069056K
  class space    used 2304K, capacity 2423K, committed 2432K, reserved 1048576K
}
Event: 10.670 GC heap before
{Heap before GC invocations=8 (full 1):
 PSYoungGen      total 68608K, used 59392K [0x00000000d5580000, 0x00000000da380000, 0x0000000100000000)
  eden space 59392K, 100% used [0x00000000d5580000,0x00000000d8f80000,0x00000000d8f80000)
  from space 9216K, 0% used [0x00000000d9a80000,0x00000000d9a80000,0x00000000da380000)
  to   space 10240K, 0% used [0x00000000d8f80000,0x00000000d8f80000,0x00000000d9980000)
 ParOldGen       total 59904K, used 8991K [0x0000000080000000, 0x0000000083a80000, 0x00000000d5580000)
  object space 59904K, 15% used [0x0000000080000000,0x00000000808c7e40,0x0000000083a80000)
 Metaspace       used 21996K, capacity 22334K, committed 22704K, reserved 1069056K
  class space    used 2416K, capacity 2542K, committed 2560K, reserved 1048576K
Event: 10.677 GC heap after
Heap after GC invocations=8 (full 1):
 PSYoungGen      total 69632K, used 2581K [0x00000000d5580000, 0x00000000dc180000, 0x0000000100000000)
  eden space 59392K, 0% used [0x00000000d5580000,0x00000000d5580000,0x00000000d8f80000)
  from space 10240K, 25% used [0x00000000d8f80000,0x00000000d9205560,0x00000000d9980000)
  to   space 10240K, 0% used [0x00000000db780000,0x00000000db780000,0x00000000dc180000)
 ParOldGen       total 59904K, used 8999K [0x0000000080000000, 0x0000000083a80000, 0x00000000d5580000)
  object space 59904K, 15% used [0x0000000080000000,0x00000000808c9e40,0x0000000083a80000)
 Metaspace       used 21996K, capacity 22334K, committed 22704K, reserved 1069056K
  class space    used 2416K, capacity 2542K, committed 2560K, reserved 1048576K
}
Event: 11.307 GC heap before
{Heap before GC invocations=9 (full 1):
 PSYoungGen      total 69632K, used 61973K [0x00000000d5580000, 0x00000000dc180000, 0x0000000100000000)
  eden space 59392K, 100% used [0x00000000d5580000,0x00000000d8f80000,0x00000000d8f80000)
  from space 10240K, 25% used [0x00000000d8f80000,0x00000000d9205560,0x00000000d9980000)
  to   space 10240K, 0% used [0x00000000db780000,0x00000000db780000,0x00000000dc180000)
 ParOldGen       total 59904K, used 8999K [0x0000000080000000, 0x0000000083a80000, 0x00000000d5580000)
  object space 59904K, 15% used [0x0000000080000000,0x00000000808c9e40,0x0000000083a80000)
 Metaspace       used 22438K, capacity 22750K, committed 23088K, reserved 1069056K
  class space    used 2460K, capacity 2574K, committed 2688K, reserved 1048576K
Event: 11.313 GC heap after
Heap after GC invocations=9 (full 1):
 PSYoungGen      total 100352K, used 2699K [0x00000000d5580000, 0x00000000dc180000, 0x0000000100000000)
  eden space 90112K, 0% used [0x00000000d5580000,0x00000000d5580000,0x00000000dad80000)
  from space 10240K, 26% used [0x00000000db780000,0x00000000dba22d38,0x00000000dc180000)
  to   space 10240K, 0% used [0x00000000dad80000,0x00000000dad80000,0x00000000db780000)
 ParOldGen       total 59904K, used 9007K [0x0000000080000000, 0x0000000083a80000, 0x00000000d5580000)
  object space 59904K, 15% used [0x0000000080000000,0x00000000808cbe40,0x0000000083a80000)
 Metaspace       used 22438K, capacity 22750K, committed 23088K, reserved 1069056K
  class space    used 2460K, capacity 2574K, committed 2688K, reserved 1048576K
}
Event: 12.401 GC heap before
{Heap before GC invocations=10 (full 1):
 PSYoungGen      total 100352K, used 92811K [0x00000000d5580000, 0x00000000dc180000, 0x0000000100000000)
  eden space 90112K, 100% used [0x00000000d5580000,0x00000000dad80000,0x00000000dad80000)
  from space 10240K, 26% used [0x00000000db780000,0x00000000dba22d38,0x00000000dc180000)
  to   space 10240K, 0% used [0x00000000dad80000,0x00000000dad80000,0x00000000db780000)
 ParOldGen       total 59904K, used 9007K [0x0000000080000000, 0x0000000083a80000, 0x00000000d5580000)
  object space 59904K, 15% used [0x0000000080000000,0x00000000808cbe40,0x0000000083a80000)
 Metaspace       used 23260K, capacity 23592K, committed 23936K, reserved 1071104K
  class space    used 2556K, capacity 2680K, committed 2688K, reserved 1048576K
Event: 12.422 GC heap after
Heap after GC invocations=10 (full 1):
 PSYoungGen      total 100352K, used 7260K [0x00000000d5580000, 0x00000000dc180000, 0x0000000100000000)
  eden space 90112K, 0% used [0x00000000d5580000,0x00000000d5580000,0x00000000dad80000)
  from space 10240K, 70% used [0x00000000dad80000,0x00000000db497368,0x00000000db780000)
  to   space 10240K, 0% used [0x00000000db780000,0x00000000db780000,0x00000000dc180000)
 ParOldGen       total 59904K, used 9015K [0x0000000080000000, 0x0000000083a80000, 0x00000000d5580000)
  object space 59904K, 15% used [0x0000000080000000,0x00000000808cde40,0x0000000083a80000)
 Metaspace       used 23260K, capacity 23592K, committed 23936K, reserved 1071104K
  class space    used 2556K, capacity 2680K, committed 2688K, reserved 1048576K
}
Event: 13.449 GC heap before
{Heap before GC invocations=11 (full 1):
 PSYoungGen      total 100352K, used 97372K [0x00000000d5580000, 0x00000000dc180000, 0x0000000100000000)
  eden space 90112K, 100% used [0x00000000d5580000,0x00000000dad80000,0x00000000dad80000)
  from space 10240K, 70% used [0x00000000dad80000,0x00000000db497368,0x00000000db780000)
  to   space 10240K, 0% used [0x00000000db780000,0x00000000db780000,0x00000000dc180000)
 ParOldGen       total 59904K, used 9015K [0x0000000080000000, 0x0000000083a80000, 0x00000000d5580000)
  object space 59904K, 15% used [0x0000000080000000,0x00000000808cde40,0x0000000083a80000)
 Metaspace       used 23347K, capacity 23672K, committed 23936K, reserved 1071104K
  class space    used 2569K, capacity 2684K, committed 2688K, reserved 1048576K
Event: 13.459 GC heap after
Heap after GC invocations=11 (full 1):
 PSYoungGen      total 100352K, used 7312K [0x00000000d5580000, 0x00000000dc180000, 0x0000000100000000)
  eden space 90112K, 0% used [0x00000000d5580000,0x00000000d5580000,0x00000000dad80000)
  from space 10240K, 71% used [0x00000000db780000,0x00000000dbea4010,0x00000000dc180000)
  to   space 10240K, 0% used [0x00000000dad80000,0x00000000dad80000,0x00000000db780000)
 ParOldGen       total 59904K, used 9023K [0x0000000080000000, 0x0000000083a80000, 0x00000000d5580000)
  object space 59904K, 15% used [0x0000000080000000,0x00000000808cfe40,0x0000000083a80000)
 Metaspace       used 23347K, capacity 23672K, committed 23936K, reserved 1071104K
  class space    used 2569K, capacity 2684K, committed 2688K, reserved 1048576K
}

