# JRE version: OpenJDK Runtime Environment (Zulu 8.52.0.23-CA-win64) (8.0_282-b08) (build 1.8.0_282-b08)
# Java VM: OpenJDK 64-Bit Server VM (25.282-b08 mixed mode windows-amd64 compressed oops)
Heap:
 PSYoungGen      total 100352K, used 57361K [0x00000000d5580000, 0x00000000dd400000, 0x0000000100000000)
  eden space 92672K, 53% used [0x00000000d5580000,0x00000000d86094e8,0x00000000db000000)
  from space 7680K, 99% used [0x00000000db880000,0x00000000dbffaf70,0x00000000dc000000)
  to   space 8704K, 0% used [0x00000000db000000,0x00000000db000000,0x00000000db880000)
 ParOldGen       total 59904K, used 9158K [0x0000000080000000, 0x0000000083a80000, 0x00000000d5580000)
  object space 59904K, 15% used [0x0000000080000000,0x00000000808f1b30,0x0000000083a80000)
 Metaspace       used 24573K, capacity 24940K, committed 25216K, reserved 1071104K
  class space    used 2775K, capacity 2894K, committed 2944K, reserved 1048576K
GC Heap History (10 events):
Event: 16.835 GC heap before
{Heap before GC invocations=9 (full 0):
 PSYoungGen      total 66560K, used 23182K [0x00000000d5580000, 0x00000000d9d80000, 0x0000000100000000)
  eden space 59392K, 31% used [0x00000000d5580000,0x00000000d67b5fe8,0x00000000d8f80000)
  from space 7168K, 63% used [0x00000000d9680000,0x00000000d9aed9b8,0x00000000d9d80000)
  to   space 7168K, 0% used [0x00000000d8f80000,0x00000000d8f80000,0x00000000d9680000)
 ParOldGen       total 84992K, used 6131K [0x0000000080000000, 0x0000000085300000, 0x00000000d5580000)
  object space 84992K, 7% used [0x0000000080000000,0x00000000805fcf90,0x0000000085300000)
 Metaspace       used 20887K, capacity 21136K, committed 21296K, reserved 1069056K
  class space    used 2301K, capacity 2425K, committed 2432K, reserved 1048576K
Event: 16.849 GC heap after
Heap after GC invocations=9 (full 0):
 PSYoungGen      total 66560K, used 2363K [0x00000000d5580000, 0x00000000dc180000, 0x0000000100000000)
  eden space 59392K, 0% used [0x00000000d5580000,0x00000000d5580000,0x00000000d8f80000)
  from space 7168K, 32% used [0x00000000d8f80000,0x00000000d91cecb0,0x00000000d9680000)
  to   space 7680K, 0% used [0x00000000dba00000,0x00000000dba00000,0x00000000dc180000)
 ParOldGen       total 84992K, used 8376K [0x0000000080000000, 0x0000000085300000, 0x00000000d5580000)
  object space 84992K, 9% used [0x0000000080000000,0x000000008082e1a8,0x0000000085300000)
 Metaspace       used 20887K, capacity 21136K, committed 21296K, reserved 1069056K
  class space    used 2301K, capacity 2425K, committed 2432K, reserved 1048576K
}
Event: 16.849 GC heap before
{Heap before GC invocations=10 (full 1):
 PSYoungGen      total 66560K, used 2363K [0x00000000d5580000, 0x00000000dc180000, 0x0000000100000000)
  eden space 59392K, 0% used [0x00000000d5580000,0x00000000d5580000,0x00000000d8f80000)
  from space 7168K, 32% used [0x00000000d8f80000,0x00000000d91cecb0,0x00000000d9680000)
  to   space 7680K, 0% used [0x00000000dba00000,0x00000000dba00000,0x00000000dc180000)
 ParOldGen       total 84992K, used 8376K [0x0000000080000000, 0x0000000085300000, 0x00000000d5580000)
  object space 84992K, 9% used [0x0000000080000000,0x000000008082e1a8,0x0000000085300000)
 Metaspace       used 20887K, capacity 21136K, committed 21296K, reserved 1069056K
  class space    used 2301K, capacity 2425K, committed 2432K, reserved 1048576K
Event: 17.078 GC heap after
Heap after GC invocations=10 (full 1):
 PSYoungGen      total 66560K, used 0K [0x00000000d5580000, 0x00000000dc180000, 0x0000000100000000)
  eden space 59392K, 0% used [0x00000000d5580000,0x00000000d5580000,0x00000000d8f80000)
  from space 7168K, 0% used [0x00000000d8f80000,0x00000000d8f80000,0x00000000d9680000)
  to   space 7680K, 0% used [0x00000000dba00000,0x00000000dba00000,0x00000000dc180000)
 ParOldGen       total 59904K, used 8511K [0x0000000080000000, 0x0000000083a80000, 0x00000000d5580000)
  object space 59904K, 14% used [0x0000000080000000,0x000000008084fde8,0x0000000083a80000)
 Metaspace       used 20887K, capacity 21136K, committed 21296K, reserved 1069056K
  class space    used 2301K, capacity 2425K, committed 2432K, reserved 1048576K
}
Event: 19.960 GC heap before
{Heap before GC invocations=11 (full 1):
 PSYoungGen      total 66560K, used 59392K [0x00000000d5580000, 0x00000000dc180000, 0x0000000100000000)
  eden space 59392K, 100% used [0x00000000d5580000,0x00000000d8f80000,0x00000000d8f80000)
  from space 7168K, 0% used [0x00000000d8f80000,0x00000000d8f80000,0x00000000d9680000)
  to   space 7680K, 0% used [0x00000000dba00000,0x00000000dba00000,0x00000000dc180000)
 ParOldGen       total 59904K, used 8511K [0x0000000080000000, 0x0000000083a80000, 0x00000000d5580000)
  object space 59904K, 14% used [0x0000000080000000,0x000000008084fde8,0x0000000083a80000)
 Metaspace       used 22257K, capacity 22592K, committed 22832K, reserved 1069056K
  class space    used 2450K, capacity 2582K, committed 2688K, reserved 1048576K
Event: 19.974 GC heap after
Heap after GC invocations=11 (full 1):
 PSYoungGen      total 78848K, used 3285K [0x00000000d5580000, 0x00000000dbd80000, 0x0000000100000000)
  eden space 75264K, 0% used [0x00000000d5580000,0x00000000d5580000,0x00000000d9f00000)
  from space 3584K, 91% used [0x00000000dba00000,0x00000000dbd356e8,0x00000000dbd80000)
  to   space 7680K, 0% used [0x00000000dae80000,0x00000000dae80000,0x00000000db600000)
 ParOldGen       total 59904K, used 8519K [0x0000000080000000, 0x0000000083a80000, 0x00000000d5580000)
  object space 59904K, 14% used [0x0000000080000000,0x0000000080851de8,0x0000000083a80000)
 Metaspace       used 22257K, capacity 22592K, committed 22832K, reserved 1069056K
  class space    used 2450K, capacity 2582K, committed 2688K, reserved 1048576K
}
Event: 21.667 GC heap before
{Heap before GC invocations=12 (full 1):
 PSYoungGen      total 78848K, used 78549K [0x00000000d5580000, 0x00000000dbd80000, 0x0000000100000000)
  eden space 75264K, 100% used [0x00000000d5580000,0x00000000d9f00000,0x00000000d9f00000)
  from space 3584K, 91% used [0x00000000dba00000,0x00000000dbd356e8,0x00000000dbd80000)
  to   space 7680K, 0% used [0x00000000dae80000,0x00000000dae80000,0x00000000db600000)
 ParOldGen       total 59904K, used 8519K [0x0000000080000000, 0x0000000083a80000, 0x00000000d5580000)
  object space 59904K, 14% used [0x0000000080000000,0x0000000080851de8,0x0000000083a80000)
 Metaspace       used 22512K, capacity 22912K, committed 23088K, reserved 1069056K
  class space    used 2459K, capacity 2582K, committed 2688K, reserved 1048576K
Event: 21.672 GC heap after
Heap after GC invocations=12 (full 1):
 PSYoungGen      total 98816K, used 2737K [0x00000000d5580000, 0x00000000dc000000, 0x0000000100000000)
  eden space 91136K, 0% used [0x00000000d5580000,0x00000000d5580000,0x00000000dae80000)
  from space 7680K, 35% used [0x00000000dae80000,0x00000000db12c5e0,0x00000000db600000)
  to   space 7680K, 0% used [0x00000000db880000,0x00000000db880000,0x00000000dc000000)
 ParOldGen       total 59904K, used 8527K [0x0000000080000000, 0x0000000083a80000, 0x00000000d5580000)
  object space 59904K, 14% used [0x0000000080000000,0x0000000080853de8,0x0000000083a80000)
 Metaspace       used 22512K, capacity 22912K, committed 23088K, reserved 1069056K
  class space    used 2459K, capacity 2582K, committed 2688K, reserved 1048576K
}
Event: 25.438 GC heap before
{Heap before GC invocations=13 (full 1):
 PSYoungGen      total 98816K, used 93873K [0x00000000d5580000, 0x00000000dc000000, 0x0000000100000000)
  eden space 91136K, 100% used [0x00000000d5580000,0x00000000dae80000,0x00000000dae80000)
  from space 7680K, 35% used [0x00000000dae80000,0x00000000db12c5e0,0x00000000db600000)
  to   space 7680K, 0% used [0x00000000db880000,0x00000000db880000,0x00000000dc000000)
 ParOldGen       total 59904K, used 8527K [0x0000000080000000, 0x0000000083a80000, 0x00000000d5580000)
  object space 59904K, 14% used [0x0000000080000000,0x0000000080853de8,0x0000000083a80000)
 Metaspace       used 24573K, capacity 24940K, committed 25216K, reserved 1071104K
  class space    used 2775K, capacity 2894K, committed 2944K, reserved 1048576K
Event: 25.461 GC heap after
Heap after GC invocations=13 (full 1):
 PSYoungGen      total 100352K, used 7659K [0x00000000d5580000, 0x00000000dd400000, 0x0000000100000000)
  eden space 92672K, 0% used [0x00000000d5580000,0x00000000d5580000,0x00000000db000000)
  from space 7680K, 99% used [0x00000000db880000,0x00000000dbffaf70,0x00000000dc000000)
  to   space 8704K, 0% used [0x00000000db000000,0x00000000db000000,0x00000000db880000)
 ParOldGen       total 59904K, used 9158K [0x0000000080000000, 0x0000000083a80000, 0x00000000d5580000)
  object space 59904K, 15% used [0x0000000080000000,0x00000000808f1b30,0x0000000083a80000)
 Metaspace       used 24573K, capacity 24940K, committed 25216K, reserved 1071104K
  class space    used 2775K, capacity 2894K, committed 2944K, reserved 1048576K
}

